<?xml version="1.0" encoding="UTF-8"?>
<!-- Generated by org.testng.reporters.JUnitXMLReporter -->
<testsuite hostname="TsingxudeMacBook-Pro.local" ignored="0" name="dataProviderTest" tests="3" failures="0" timestamp="2020-04-08T09:21:19 CST" time="0.011" errors="0">
  <testcase name="test" time="0.003" classname="com.tsingxu.DataProviderTest"/>
  <testcase name="test" time="0.0" classname="com.tsingxu.DataProviderTest"/>
  <testcase name="test" time="0.001" classname="com.tsingxu.DataProviderTest"/>
</testsuite> <!-- dataProviderTest -->
