<?xml version="1.0" encoding="UTF-8"?>
<!-- Generated by org.testng.reporters.JUnitXMLReporter -->
<testsuite hostname="TsingxudeMacBook-Pro.local" ignored="4" name="groupTest" tests="1" failures="0" timestamp="2020-04-08T09:21:19 CST" time="0.037" errors="0">
  <testcase name="testA1" time="0.005" classname="com.tsingxu.GroupAnnotation"/>
  <testcase name="testA2" time="0.0" classname="com.tsingxu.GroupAnnotation">
    <ignored/>
  </testcase> <!-- testA2 -->
  <testcase name="test2" time="0.0" classname="com.tsingxu.DependAnnotation">
    <ignored/>
  </testcase> <!-- test2 -->
  <testcase name="testB1" time="0.0" classname="com.tsingxu.GroupAnnotation">
    <ignored/>
  </testcase> <!-- testB1 -->
  <testcase name="test1" time="0.0" classname="com.tsingxu.DependAnnotation">
    <ignored/>
  </testcase> <!-- test1 -->
</testsuite> <!-- groupTest -->
